0 info it worked if it ends with ok
1 verbose cli [ 'C:\\Program Files\\nodejs\\node.exe',
1 verbose cli   'C:\\Program Files\\nodejs\\node_modules\\npm\\bin\\npm-cli.js',
1 verbose cli   'start' ]
2 info using npm@3.10.9
3 info using node@v4.5.0
4 verbose run-script [ 'prestart', 'start', 'poststart' ]
5 info lifecycle nosubmood@0.0.1~prestart: nosubmood@0.0.1
6 silly lifecycle nosubmood@0.0.1~prestart: no script for prestart, continuing
7 info lifecycle nosubmood@0.0.1~start: nosubmood@0.0.1
8 verbose lifecycle nosubmood@0.0.1~start: unsafe-perm in lifecycle true
9 verbose lifecycle nosubmood@0.0.1~start: PATH: C:\Users\Sammy-Surface\AppData\Roaming\nvm\v4.5.0\node_modules\npm\bin\node-gyp-bin;C:\Users\Sammy-Surface\Development\Misc\NoSubMood\node_modules\.bin;C:\Program Files (x86)\Cmder\bin;C:\Program Files (x86)\Cmder\vendor\conemu-maximus5\ConEmu\Scripts;C:\Program Files (x86)\Cmder\vendor\conemu-maximus5;C:\Program Files (x86)\Cmder\vendor\conemu-maximus5\ConEmu;C:\ProgramData\Oracle\Java\javapath;C:\WINDOWS\system32;C:\WINDOWS;C:\WINDOWS\System32\Wbem;C:\WINDOWS\System32\WindowsPowerShell\v1.0\;C:\Program Files\Git\cmd;C:\Program Files (x86)\Skype\Phone\;C:\Users\Sammy-Surface\AppData\Local\Android\sdk\platform-tools;C:\Program Files (x86)\Heroku\bin;C:\Program Files (x86)\git\cmd;C:\Program Files (x86)\Meld;C:\Users\Sammy-Surface\AppData\Roaming\nvm;C:\Program Files\nodejs;C:\Program Files\Java\jre1.8.0_111\bin;C:\Program Files\Java\jdk1.8.0_101\bin;C:\Users\Sammy-Surface\AppData\Local\Programs\Python\Python35-32\Scripts\;C:\Users\Sammy-Surface\AppData\Local\Programs\Python\Python35-32\;C:\Users\Sammy-Surface\AppData\Local\.meteor\;C:\Users\Sammy-Surface\AppData\Local\Microsoft\WindowsApps;C:\Program Files (x86)\Microsoft VS Code\bin;C:\Users\Sammy-Surface\AppData\Roaming\npm;C:\Users\Sammy-Surface\AppData\Roaming\nvm;C:\Program Files\nodejs;C:\Users\Sammy-Surface\AppData\Local\atom\bin;C:\Program Files\Git\usr\bin;C:\Program Files\Git\usr\share\vim\vim74;C:\Program Files (x86)\Cmder\
10 verbose lifecycle nosubmood@0.0.1~start: CWD: C:\Users\Sammy-Surface\Development\Misc\NoSubMood
11 silly lifecycle nosubmood@0.0.1~start: Args: [ '/d /s /c', 'node index.js' ]
12 silly lifecycle nosubmood@0.0.1~start: Returned: code: 1  signal: null
13 info lifecycle nosubmood@0.0.1~start: Failed to exec start script
14 verbose stack Error: nosubmood@0.0.1 start: `node index.js`
14 verbose stack Exit status 1
14 verbose stack     at EventEmitter.<anonymous> (C:\Users\Sammy-Surface\AppData\Roaming\nvm\v4.5.0\node_modules\npm\lib\utils\lifecycle.js:255:16)
14 verbose stack     at emitTwo (events.js:87:13)
14 verbose stack     at EventEmitter.emit (events.js:172:7)
14 verbose stack     at ChildProcess.<anonymous> (C:\Users\Sammy-Surface\AppData\Roaming\nvm\v4.5.0\node_modules\npm\lib\utils\spawn.js:40:14)
14 verbose stack     at emitTwo (events.js:87:13)
14 verbose stack     at ChildProcess.emit (events.js:172:7)
14 verbose stack     at maybeClose (internal/child_process.js:829:16)
14 verbose stack     at Process.ChildProcess._handle.onexit (internal/child_process.js:211:5)
15 verbose pkgid nosubmood@0.0.1
16 verbose cwd C:\Users\Sammy-Surface\Development\Misc\NoSubMood
17 error Windows_NT 10.0.14393
18 error argv "C:\\Program Files\\nodejs\\node.exe" "C:\\Program Files\\nodejs\\node_modules\\npm\\bin\\npm-cli.js" "start"
19 error node v4.5.0
20 error npm  v3.10.9
21 error code ELIFECYCLE
22 error nosubmood@0.0.1 start: `node index.js`
22 error Exit status 1
23 error Failed at the nosubmood@0.0.1 start script 'node index.js'.
23 error Make sure you have the latest version of node.js and npm installed.
23 error If you do, this is most likely a problem with the nosubmood package,
23 error not with npm itself.
23 error Tell the author that this fails on your system:
23 error     node index.js
23 error You can get information on how to open an issue for this project with:
23 error     npm bugs nosubmood
23 error Or if that isn't available, you can get their info via:
23 error     npm owner ls nosubmood
23 error There is likely additional logging output above.
24 verbose exit [ 1, true ]
